Release 14.7 - xst P.20131013 (nt64)
Copyright (c) 1995-2013 Xilinx, Inc.  All rights reserved.
--> Parameter TMPDIR set to xst/projnav.tmp


Total REAL time to Xst completion: 0.00 secs
Total CPU time to Xst completion: 0.23 secs
 
--> Parameter xsthdpdir set to xst


Total REAL time to Xst completion: 0.00 secs
Total CPU time to Xst completion: 0.23 secs
 
--> Reading design: uart_clk.prj

TABLE OF CONTENTS
  1) Synthesis Options Summary
  2) HDL Parsing
  3) HDL Elaboration
  4) HDL Synthesis
       4.1) HDL Synthesis Report
  5) Advanced HDL Synthesis
       5.1) Advanced HDL Synthesis Report
  6) Low Level Synthesis
  7) Partition Report
  8) Design Summary
       8.1) Primitive and Black Box Usage
       8.2) Device utilization summary
       8.3) Partition Resource Summary
       8.4) Timing Report
            8.4.1) Clock Information
            8.4.2) Asynchronous Control Signals Information
            8.4.3) Timing Summary
            8.4.4) Timing Details
            8.4.5) Cross Clock Domains Report


=========================================================================
*                      Synthesis Options Summary                        *
=========================================================================
---- Source Parameters
Input File Name                    : "uart_clk.prj"
Ignore Synthesis Constraint File   : NO

---- Target Parameters
Output File Name                   : "uart_clk"
Output Format                      : NGC
Target Device                      : xc6slx45-2-csg324

---- Source Options
Top Module Name                    : uart_clk
Automatic FSM Extraction           : YES
FSM Encoding Algorithm             : Auto
Safe Implementation                : No
FSM Style                          : LUT
RAM Extraction                     : Yes
RAM Style                          : Auto
ROM Extraction                     : Yes
Shift Register Extraction          : YES
ROM Style                          : Auto
Resource Sharing                   : YES
Asynchronous To Synchronous        : NO
Shift Register Minimum Size        : 2
Use DSP Block                      : Auto
Automatic Register Balancing       : No

---- Target Options
LUT Combining                      : Auto
Reduce Control Sets                : Auto
Add IO Buffers                     : YES
Global Maximum Fanout              : 100000
Add Generic Clock Buffer(BUFG)     : 16
Register Duplication               : YES
Optimize Instantiated Primitives   : NO
Use Clock Enable                   : Auto
Use Synchronous Set                : Auto
Use Synchronous Reset              : Auto
Pack IO Registers into IOBs        : Auto
Equivalent register Removal        : YES

---- General Options
Optimization Goal                  : Speed
Optimization Effort                : 1
Power Reduction                    : NO
Keep Hierarchy                     : No
Netlist Hierarchy                  : As_Optimized
RTL Output                         : Yes
Global Optimization                : AllClockNets
Read Cores                         : YES
Write Timing Constraints           : NO
Cross Clock Analysis               : NO
Hierarchy Separator                : /
Bus Delimiter                      : <>
Case Specifier                     : Maintain
Slice Utilization Ratio            : 100
BRAM Utilization Ratio             : 100
DSP48 Utilization Ratio            : 100
Auto BRAM Packing                  : NO
Slice Utilization Ratio Delta      : 5

=========================================================================


=========================================================================
*                          HDL Parsing                                  *
=========================================================================
Analyzing Verilog file "D:\fpga_pro\Project Probe\uart_IIC_pro\uart_clk.v" into library work
Parsing module <uart_clk>.

=========================================================================
*                            HDL Elaboration                            *
=========================================================================

Elaborating module <uart_clk>.

=========================================================================
*                           HDL Synthesis                               *
=========================================================================

Synthesizing Unit <uart_clk>.
    Related source file is "D:\fpga_pro\Project Probe\uart_IIC_pro\uart_clk.v".
    Found 16-bit register for signal <counter>.
    Found 1-bit register for signal <clk_out>.
    Found 16-bit adder for signal <counter[15]_GND_1_o_add_4_OUT> created at line 42.
    Summary:
	inferred   1 Adder/Subtractor(s).
	inferred  17 D-type flip-flop(s).
Unit <uart_clk> synthesized.

=========================================================================
HDL Synthesis Report

Macro Statistics
# Adders/Subtractors                                   : 1
 16-bit adder                                          : 1
# Registers                                            : 2
 1-bit register                                        : 1
 16-bit register                                       : 1

=========================================================================

=========================================================================
*                       Advanced HDL Synthesis                          *
=========================================================================


Synthesizing (advanced) Unit <uart_clk>.
The following registers are absorbed into counter <counter>: 1 register on signal <counter>.
Unit <uart_clk> synthesized (advanced).

=========================================================================
Advanced HDL Synthesis Report

Macro Statistics
# Counters                                             : 1
 16-bit up counter                                     : 1
# Registers                                            : 1
 Flip-Flops                                            : 1

=========================================================================

=========================================================================
*                         Low Level Synthesis                           *
=========================================================================

Optimizing unit <uart_clk> ...

Mapping all equations...
Building and optimizing final netlist ...
Found area constraint ratio of 100 (+ 5) on block uart_clk, actual ratio is 0.

Final Macro Processing ...

=========================================================================
Final Register Report

Macro Statistics
# Registers                                            : 17
 Flip-Flops                                            : 17

=========================================================================

=========================================================================
*                           Partition Report                            *
=========================================================================

Partition Implementation Status
-------------------------------

  No Partitions were found in this design.

-------------------------------

=========================================================================
*                            Design Summary                             *
=========================================================================

Top Level Output File Name         : uart_clk.ngc

Primitive and Black Box Usage:
------------------------------
# BELS                             : 73
#      GND                         : 1
#      INV                         : 1
#      LUT1                        : 15
#      LUT2                        : 18
#      LUT6                        : 6
#      MUXCY                       : 15
#      VCC                         : 1
#      XORCY                       : 16
# FlipFlops/Latches                : 17
#      FD                          : 17
# Clock Buffers                    : 1
#      BUFGP                       : 1
# IO Buffers                       : 1
#      OBUF                        : 1

Device utilization summary:
---------------------------

Selected Device : 6slx45csg324-2 


Slice Logic Utilization: 
 Number of Slice Registers:              17  out of  54576     0%  
 Number of Slice LUTs:                   40  out of  27288     0%  
    Number used as Logic:                40  out of  27288     0%  

Slice Logic Distribution: 
 Number of LUT Flip Flop pairs used:     40
   Number with an unused Flip Flop:      23  out of     40    57%  
   Number with an unused LUT:             0  out of     40     0%  
   Number of fully used LUT-FF pairs:    17  out of     40    42%  
   Number of unique control sets:         1

IO Utilization: 
 Number of IOs:                           2
 Number of bonded IOBs:                   2  out of    218     0%  

Specific Feature Utilization:
 Number of BUFG/BUFGCTRLs:                1  out of     16     6%  

---------------------------
Partition Resource Summary:
---------------------------

  No Partitions were found in this design.

---------------------------


=========================================================================
Timing Report

NOTE: THESE TIMING NUMBERS ARE ONLY A SYNTHESIS ESTIMATE.
      FOR ACCURATE TIMING INFORMATION PLEASE REFER TO THE TRACE REPORT
      GENERATED AFTER PLACE-and-ROUTE.

Clock Information:
------------------
-----------------------------------+------------------------+-------+
Clock Signal                       | Clock buffer(FF name)  | Load  |
-----------------------------------+------------------------+-------+
clk_50m                            | BUFGP                  | 17    |
-----------------------------------+------------------------+-------+

Asynchronous Control Signals Information:
----------------------------------------
No asynchronous control signals found in this design

Timing Summary:
---------------
Speed Grade: -2

   Minimum period: 4.594ns (Maximum Frequency: 217.675MHz)
   Minimum input arrival time before clock: No path found
   Maximum output required time after clock: 4.162ns
   Maximum combinational path delay: No path found

Timing Details:
---------------
All values displayed in nanoseconds (ns)

=========================================================================
Timing constraint: Default period analysis for Clock 'clk_50m'
  Clock period: 4.594ns (frequency: 217.675MHz)
  Total number of paths / destination ports: 425 / 17
-------------------------------------------------------------------------
Delay:               4.594ns (Levels of Logic = 3)
  Source:            counter_7 (FF)
  Destination:       clk_out (FF)
  Source Clock:      clk_50m rising
  Destination Clock: clk_50m rising

  Data Path: counter_7 to clk_out
                                Gate     Net
    Cell:in->out      fanout   Delay   Delay  Logical Name (Net Name)
    ----------------------------------------  ------------
     FD:C->Q               3   0.525   1.221  counter_7 (counter_7)
     LUT6:I0->O            2   0.254   0.834  _n00161_SW1 (N7)
     LUT6:I4->O           16   0.250   1.182  _n00162 (_n0016)
     LUT2:I1->O            1   0.254   0.000  counter_1_rstpot (counter_1_rstpot)
     FD:D                      0.074          counter_1
    ----------------------------------------
    Total                      4.594ns (1.357ns logic, 3.237ns route)
                                       (29.5% logic, 70.5% route)

=========================================================================
Timing constraint: Default OFFSET OUT AFTER for Clock 'clk_50m'
  Total number of paths / destination ports: 1 / 1
-------------------------------------------------------------------------
Offset:              4.162ns (Levels of Logic = 1)
  Source:            clk_out (FF)
  Destination:       clk_out (PAD)
  Source Clock:      clk_50m rising

  Data Path: clk_out to clk_out
                                Gate     Net
    Cell:in->out      fanout   Delay   Delay  Logical Name (Net Name)
    ----------------------------------------  ------------
     FD:C->Q               2   0.525   0.725  clk_out (clk_out_OBUF)
     OBUF:I->O                 2.912          clk_out_OBUF (clk_out)
    ----------------------------------------
    Total                      4.162ns (3.437ns logic, 0.725ns route)
                                       (82.6% logic, 17.4% route)

=========================================================================

Cross Clock Domains Report:
--------------------------

Clock to Setup on destination clock clk_50m
---------------+---------+---------+---------+---------+
               | Src:Rise| Src:Fall| Src:Rise| Src:Fall|
Source Clock   |Dest:Rise|Dest:Rise|Dest:Fall|Dest:Fall|
---------------+---------+---------+---------+---------+
clk_50m        |    4.594|         |         |         |
---------------+---------+---------+---------+---------+

=========================================================================


Total REAL time to Xst completion: 6.00 secs
Total CPU time to Xst completion: 6.23 secs
 
--> 

Total memory usage is 4522776 kilobytes

Number of errors   :    0 (   0 filtered)
Number of warnings :    0 (   0 filtered)
Number of infos    :    0 (   0 filtered)

